c:\dev\cohort18-private\prog2final\undefinedbehavior\fieagameengine\build\obj\game.desktop\win32\debug\game.desktop.pch
c:\dev\cohort18-private\prog2final\undefinedbehavior\fieagameengine\build\obj\game.desktop\win32\debug\vc142.pdb
c:\dev\cohort18-private\prog2final\undefinedbehavior\fieagameengine\build\obj\game.desktop\win32\debug\vc142.idb
c:\dev\cohort18-private\prog2final\undefinedbehavior\fieagameengine\build\obj\game.desktop\win32\debug\pch.xdc
c:\dev\cohort18-private\prog2final\undefinedbehavior\fieagameengine\build\obj\game.desktop\win32\debug\pch.obj
c:\dev\cohort18-private\prog2final\undefinedbehavior\fieagameengine\build\obj\game.desktop\win32\debug\audio.xdc
c:\dev\cohort18-private\prog2final\undefinedbehavior\fieagameengine\build\obj\game.desktop\win32\debug\bombtile.xdc
c:\dev\cohort18-private\prog2final\undefinedbehavior\fieagameengine\build\obj\game.desktop\win32\debug\breakablewalltile.xdc
c:\dev\cohort18-private\prog2final\undefinedbehavior\fieagameengine\build\obj\game.desktop\win32\debug\defaulttile.xdc
c:\dev\cohort18-private\prog2final\undefinedbehavior\fieagameengine\build\obj\game.desktop\win32\debug\firetile.xdc
c:\dev\cohort18-private\prog2final\undefinedbehavior\fieagameengine\build\obj\game.desktop\win32\debug\ispriterenderer.xdc
c:\dev\cohort18-private\prog2final\undefinedbehavior\fieagameengine\build\obj\game.desktop\win32\debug\player.xdc
c:\dev\cohort18-private\prog2final\undefinedbehavior\fieagameengine\build\obj\game.desktop\win32\debug\program.xdc
c:\dev\cohort18-private\prog2final\undefinedbehavior\fieagameengine\build\obj\game.desktop\win32\debug\tile.xdc
c:\dev\cohort18-private\prog2final\undefinedbehavior\fieagameengine\build\obj\game.desktop\win32\debug\unbreakablewalltile.xdc
c:\dev\cohort18-private\prog2final\undefinedbehavior\fieagameengine\build\obj\game.desktop\win32\debug\warningtile.xdc
c:\dev\cohort18-private\prog2final\undefinedbehavior\fieagameengine\build\obj\game.desktop\win32\debug\warningtile.obj
c:\dev\cohort18-private\prog2final\undefinedbehavior\fieagameengine\build\obj\game.desktop\win32\debug\unbreakablewalltile.obj
c:\dev\cohort18-private\prog2final\undefinedbehavior\fieagameengine\build\obj\game.desktop\win32\debug\tile.obj
c:\dev\cohort18-private\prog2final\undefinedbehavior\fieagameengine\build\obj\game.desktop\win32\debug\program.obj
c:\dev\cohort18-private\prog2final\undefinedbehavior\fieagameengine\build\obj\game.desktop\win32\debug\player.obj
c:\dev\cohort18-private\prog2final\undefinedbehavior\fieagameengine\build\obj\game.desktop\win32\debug\ispriterenderer.obj
c:\dev\cohort18-private\prog2final\undefinedbehavior\fieagameengine\build\obj\game.desktop\win32\debug\firetile.obj
c:\dev\cohort18-private\prog2final\undefinedbehavior\fieagameengine\build\obj\game.desktop\win32\debug\defaulttile.obj
c:\dev\cohort18-private\prog2final\undefinedbehavior\fieagameengine\build\obj\game.desktop\win32\debug\breakablewalltile.obj
c:\dev\cohort18-private\prog2final\undefinedbehavior\fieagameengine\build\obj\game.desktop\win32\debug\bombtile.obj
c:\dev\cohort18-private\prog2final\undefinedbehavior\fieagameengine\build\obj\game.desktop\win32\debug\audio.obj
c:\dev\cohort18-private\prog2final\undefinedbehavior\fieagameengine\build\bin\game.desktop\win32\debug\art\paulbombermansprites.png
c:\dev\cohort18-private\prog2final\undefinedbehavior\fieagameengine\build\bin\game.desktop\win32\debug\art\spritesheet.png
c:\dev\cohort18-private\prog2final\undefinedbehavior\fieagameengine\build\bin\game.desktop\win32\debug\art\testgridtile.jpg
c:\dev\cohort18-private\prog2final\undefinedbehavior\fieagameengine\build\bin\game.desktop\win32\debug\art\bomb_tile.png
c:\dev\cohort18-private\prog2final\undefinedbehavior\fieagameengine\build\bin\game.desktop\win32\debug\art\breakable_tile.png
c:\dev\cohort18-private\prog2final\undefinedbehavior\fieagameengine\build\bin\game.desktop\win32\debug\art\default_tile.png
c:\dev\cohort18-private\prog2final\undefinedbehavior\fieagameengine\build\bin\game.desktop\win32\debug\art\fire_tile.png
c:\dev\cohort18-private\prog2final\undefinedbehavior\fieagameengine\build\bin\game.desktop\win32\debug\art\unbreakable_tile.png
c:\dev\cohort18-private\prog2final\undefinedbehavior\fieagameengine\build\bin\game.desktop\win32\debug\map.json
c:\dev\cohort18-private\prog2final\undefinedbehavior\fieagameengine\build\bin\game.desktop\win32\debug\art\spritesheetplayer2.png
c:\dev\cohort18-private\prog2final\undefinedbehavior\fieagameengine\build\bin\game.desktop\win32\debug\art\paul_win_screen.png
c:\dev\cohort18-private\prog2final\undefinedbehavior\fieagameengine\build\bin\game.desktop\win32\debug\art\raccoon_win_screen.png
c:\dev\cohort18-private\prog2final\undefinedbehavior\fieagameengine\build\bin\game.desktop\win32\debug\art\start_screen.png
c:\dev\cohort18-private\prog2final\undefinedbehavior\fieagameengine\build\bin\game.desktop\win32\debug\art\warning_tile.png
c:\dev\cohort18-private\prog2final\undefinedbehavior\fieagameengine\build\obj\game.desktop\win32\debug\game.desktop.tlog\cl.command.1.tlog
c:\dev\cohort18-private\prog2final\undefinedbehavior\fieagameengine\build\obj\game.desktop\win32\debug\game.desktop.tlog\cl.read.1.tlog
c:\dev\cohort18-private\prog2final\undefinedbehavior\fieagameengine\build\obj\game.desktop\win32\debug\game.desktop.tlog\cl.write.1.tlog
c:\dev\cohort18-private\prog2final\undefinedbehavior\fieagameengine\build\obj\game.desktop\win32\debug\game.desktop.tlog\copyfile.command.1.tlog
c:\dev\cohort18-private\prog2final\undefinedbehavior\fieagameengine\build\obj\game.desktop\win32\debug\game.desktop.tlog\copyfile.read.1.tlog
c:\dev\cohort18-private\prog2final\undefinedbehavior\fieagameengine\build\obj\game.desktop\win32\debug\game.desktop.tlog\copyfile.write.1.tlog
