c:\dev\cohort18-private\prog2final\undefinedbehavior\fieagameengine\build\obj\game.desktop\win32\release\game.desktop.pch
c:\dev\cohort18-private\prog2final\undefinedbehavior\fieagameengine\build\obj\game.desktop\win32\release\vc142.pdb
c:\dev\cohort18-private\prog2final\undefinedbehavior\fieagameengine\build\obj\game.desktop\win32\release\pch.xdc
c:\dev\cohort18-private\prog2final\undefinedbehavior\fieagameengine\build\obj\game.desktop\win32\release\pch.obj
c:\dev\cohort18-private\prog2final\undefinedbehavior\fieagameengine\build\obj\game.desktop\win32\release\bombtile.xdc
c:\dev\cohort18-private\prog2final\undefinedbehavior\fieagameengine\build\obj\game.desktop\win32\release\defaulttile.xdc
c:\dev\cohort18-private\prog2final\undefinedbehavior\fieagameengine\build\obj\game.desktop\win32\release\firetile.xdc
c:\dev\cohort18-private\prog2final\undefinedbehavior\fieagameengine\build\obj\game.desktop\win32\release\ispriterenderer.xdc
c:\dev\cohort18-private\prog2final\undefinedbehavior\fieagameengine\build\obj\game.desktop\win32\release\program.xdc
c:\dev\cohort18-private\prog2final\undefinedbehavior\fieagameengine\build\obj\game.desktop\win32\release\tile.xdc
c:\dev\cohort18-private\prog2final\undefinedbehavior\fieagameengine\build\obj\game.desktop\win32\release\tilemanager.xdc
c:\dev\cohort18-private\prog2final\undefinedbehavior\fieagameengine\build\obj\game.desktop\win32\release\tilewrapper.xdc
c:\dev\cohort18-private\prog2final\undefinedbehavior\fieagameengine\build\obj\game.desktop\win32\release\tilewrapper.obj
c:\dev\cohort18-private\prog2final\undefinedbehavior\fieagameengine\build\obj\game.desktop\win32\release\tilemanager.obj
c:\dev\cohort18-private\prog2final\undefinedbehavior\fieagameengine\build\obj\game.desktop\win32\release\tile.obj
c:\dev\cohort18-private\prog2final\undefinedbehavior\fieagameengine\build\obj\game.desktop\win32\release\program.obj
c:\dev\cohort18-private\prog2final\undefinedbehavior\fieagameengine\build\obj\game.desktop\win32\release\ispriterenderer.obj
c:\dev\cohort18-private\prog2final\undefinedbehavior\fieagameengine\build\obj\game.desktop\win32\release\firetile.obj
c:\dev\cohort18-private\prog2final\undefinedbehavior\fieagameengine\build\obj\game.desktop\win32\release\defaulttile.obj
c:\dev\cohort18-private\prog2final\undefinedbehavior\fieagameengine\build\obj\game.desktop\win32\release\bombtile.obj
c:\dev\cohort18-private\prog2final\undefinedbehavior\fieagameengine\build\obj\game.desktop\win32\release\breakablewalltile.xdc
c:\dev\cohort18-private\prog2final\undefinedbehavior\fieagameengine\build\obj\game.desktop\win32\release\player.xdc
c:\dev\cohort18-private\prog2final\undefinedbehavior\fieagameengine\build\obj\game.desktop\win32\release\unbreakablewalltile.xdc
c:\dev\cohort18-private\prog2final\undefinedbehavior\fieagameengine\build\obj\game.desktop\win32\release\unbreakablewalltile.obj
c:\dev\cohort18-private\prog2final\undefinedbehavior\fieagameengine\build\obj\game.desktop\win32\release\player.obj
c:\dev\cohort18-private\prog2final\undefinedbehavior\fieagameengine\build\obj\game.desktop\win32\release\breakablewalltile.obj
c:\dev\cohort18-private\prog2final\undefinedbehavior\fieagameengine\build\bin\game.desktop\win32\release\art\paulbombermansprites.png
c:\dev\cohort18-private\prog2final\undefinedbehavior\fieagameengine\build\bin\game.desktop\win32\release\art\spritesheet.png
c:\dev\cohort18-private\prog2final\undefinedbehavior\fieagameengine\build\bin\game.desktop\win32\release\art\testgridtile.jpg
c:\dev\cohort18-private\prog2final\undefinedbehavior\fieagameengine\build\bin\game.desktop\win32\release\art\bomb_tile.png
c:\dev\cohort18-private\prog2final\undefinedbehavior\fieagameengine\build\bin\game.desktop\win32\release\art\breakable_tile.png
c:\dev\cohort18-private\prog2final\undefinedbehavior\fieagameengine\build\bin\game.desktop\win32\release\art\default_tile.png
c:\dev\cohort18-private\prog2final\undefinedbehavior\fieagameengine\build\bin\game.desktop\win32\release\art\fire_tile.png
c:\dev\cohort18-private\prog2final\undefinedbehavior\fieagameengine\build\bin\game.desktop\win32\release\art\unbreakable_tile.png
c:\dev\cohort18-private\prog2final\undefinedbehavior\fieagameengine\build\bin\game.desktop\win32\release\map.json
c:\dev\cohort18-private\prog2final\undefinedbehavior\fieagameengine\build\bin\game.desktop\win32\release\art\spritesheetplayer2.png
c:\dev\cohort18-private\prog2final\undefinedbehavior\fieagameengine\build\bin\game.desktop\win32\release\jsoncpp.dll
c:\dev\cohort18-private\prog2final\undefinedbehavior\fieagameengine\build\bin\game.desktop\win32\release\game.desktop.exe
c:\dev\cohort18-private\prog2final\undefinedbehavior\fieagameengine\build\obj\game.desktop\win32\release\game.desktop.ipdb
c:\dev\cohort18-private\prog2final\undefinedbehavior\fieagameengine\build\obj\game.desktop\win32\release\game.desktop.iobj
c:\dev\cohort18-private\prog2final\undefinedbehavior\fieagameengine\build\bin\game.desktop\win32\release\game.desktop.pdb
c:\dev\cohort18-private\prog2final\undefinedbehavior\fieagameengine\build\bin\game.desktop\win32\release\game.desktop.xml
c:\dev\cohort18-private\prog2final\undefinedbehavior\fieagameengine\build\obj\game.desktop\win32\release\game.desktop.tlog\cl.command.1.tlog
c:\dev\cohort18-private\prog2final\undefinedbehavior\fieagameengine\build\obj\game.desktop\win32\release\game.desktop.tlog\cl.read.1.tlog
c:\dev\cohort18-private\prog2final\undefinedbehavior\fieagameengine\build\obj\game.desktop\win32\release\game.desktop.tlog\cl.write.1.tlog
c:\dev\cohort18-private\prog2final\undefinedbehavior\fieagameengine\build\obj\game.desktop\win32\release\game.desktop.tlog\copyfile.command.1.tlog
c:\dev\cohort18-private\prog2final\undefinedbehavior\fieagameengine\build\obj\game.desktop\win32\release\game.desktop.tlog\copyfile.read.1.tlog
c:\dev\cohort18-private\prog2final\undefinedbehavior\fieagameengine\build\obj\game.desktop\win32\release\game.desktop.tlog\copyfile.write.1.tlog
c:\dev\cohort18-private\prog2final\undefinedbehavior\fieagameengine\build\obj\game.desktop\win32\release\game.desktop.tlog\game.desktop.write.1u.tlog
c:\dev\cohort18-private\prog2final\undefinedbehavior\fieagameengine\build\obj\game.desktop\win32\release\game.desktop.tlog\link.command.1.tlog
c:\dev\cohort18-private\prog2final\undefinedbehavior\fieagameengine\build\obj\game.desktop\win32\release\game.desktop.tlog\link.read.1.tlog
c:\dev\cohort18-private\prog2final\undefinedbehavior\fieagameengine\build\obj\game.desktop\win32\release\game.desktop.tlog\link.write.1.tlog
c:\dev\cohort18-private\prog2final\undefinedbehavior\fieagameengine\build\obj\game.desktop\win32\release\game.desktop.tlog\xdcmake.command.1.tlog
c:\dev\cohort18-private\prog2final\undefinedbehavior\fieagameengine\build\obj\game.desktop\win32\release\game.desktop.tlog\xdcmake.read.1.tlog
c:\dev\cohort18-private\prog2final\undefinedbehavior\fieagameengine\build\obj\game.desktop\win32\release\game.desktop.tlog\xdcmake.write.1.tlog
