c:\dev\cohort18-private\prog2final\undefinedbehavior\fieagameengine\build\obj\library.desktop\win32\release\library.desktop.pch
c:\dev\cohort18-private\prog2final\undefinedbehavior\fieagameengine\build\bin\library.desktop\win32\release\library.desktop.pdb
c:\dev\cohort18-private\prog2final\undefinedbehavior\fieagameengine\build\obj\library.desktop\win32\release\pch.xdc
c:\dev\cohort18-private\prog2final\undefinedbehavior\fieagameengine\build\obj\library.desktop\win32\release\pch.obj
c:\dev\cohort18-private\prog2final\undefinedbehavior\fieagameengine\build\obj\library.desktop\win32\release\action.xdc
c:\dev\cohort18-private\prog2final\undefinedbehavior\fieagameengine\build\obj\library.desktop\win32\release\actionblock.xdc
c:\dev\cohort18-private\prog2final\undefinedbehavior\fieagameengine\build\obj\library.desktop\win32\release\actioncreate.xdc
c:\dev\cohort18-private\prog2final\undefinedbehavior\fieagameengine\build\obj\library.desktop\win32\release\actiondestroy.xdc
c:\dev\cohort18-private\prog2final\undefinedbehavior\fieagameengine\build\obj\library.desktop\win32\release\actionincrement.xdc
c:\dev\cohort18-private\prog2final\undefinedbehavior\fieagameengine\build\obj\library.desktop\win32\release\actionblockswitch.xdc
c:\dev\cohort18-private\prog2final\undefinedbehavior\fieagameengine\build\obj\library.desktop\win32\release\attributed.xdc
c:\dev\cohort18-private\prog2final\undefinedbehavior\fieagameengine\build\obj\library.desktop\win32\release\datum.xdc
c:\dev\cohort18-private\prog2final\undefinedbehavior\fieagameengine\build\obj\library.desktop\win32\release\ievent.xdc
c:\dev\cohort18-private\prog2final\undefinedbehavior\fieagameengine\build\obj\library.desktop\win32\release\eventqueue.xdc
c:\dev\cohort18-private\prog2final\undefinedbehavior\fieagameengine\build\obj\library.desktop\win32\release\eventsubscriber.xdc
c:\dev\cohort18-private\prog2final\undefinedbehavior\fieagameengine\build\obj\library.desktop\win32\release\gameclock.xdc
c:\dev\cohort18-private\prog2final\undefinedbehavior\fieagameengine\build\obj\library.desktop\win32\release\gameobject.xdc
c:\dev\cohort18-private\prog2final\undefinedbehavior\fieagameengine\build\obj\library.desktop\win32\release\gamestate.xdc
c:\dev\cohort18-private\prog2final\undefinedbehavior\fieagameengine\build\obj\library.desktop\win32\release\gametime.xdc
c:\dev\cohort18-private\prog2final\undefinedbehavior\fieagameengine\build\obj\library.desktop\win32\release\ijsonparsehelper.xdc
c:\dev\cohort18-private\prog2final\undefinedbehavior\fieagameengine\build\obj\library.desktop\win32\release\jsonparsemaster.xdc
c:\dev\cohort18-private\prog2final\undefinedbehavior\fieagameengine\build\obj\library.desktop\win32\release\jsontableparsehelper.xdc
c:\dev\cohort18-private\prog2final\undefinedbehavior\fieagameengine\build\obj\library.desktop\win32\release\scope.xdc
c:\dev\cohort18-private\prog2final\undefinedbehavior\fieagameengine\build\obj\library.desktop\win32\release\typeregistry.xdc
c:\dev\cohort18-private\prog2final\undefinedbehavior\fieagameengine\build\obj\library.desktop\win32\release\typeregistry.obj
c:\dev\cohort18-private\prog2final\undefinedbehavior\fieagameengine\build\obj\library.desktop\win32\release\scope.obj
c:\dev\cohort18-private\prog2final\undefinedbehavior\fieagameengine\build\obj\library.desktop\win32\release\jsontableparsehelper.obj
c:\dev\cohort18-private\prog2final\undefinedbehavior\fieagameengine\build\obj\library.desktop\win32\release\jsonparsemaster.obj
c:\dev\cohort18-private\prog2final\undefinedbehavior\fieagameengine\build\obj\library.desktop\win32\release\ijsonparsehelper.obj
c:\dev\cohort18-private\prog2final\undefinedbehavior\fieagameengine\build\obj\library.desktop\win32\release\gametime.obj
c:\dev\cohort18-private\prog2final\undefinedbehavior\fieagameengine\build\obj\library.desktop\win32\release\gamestate.obj
c:\dev\cohort18-private\prog2final\undefinedbehavior\fieagameengine\build\obj\library.desktop\win32\release\gameobject.obj
c:\dev\cohort18-private\prog2final\undefinedbehavior\fieagameengine\build\obj\library.desktop\win32\release\gameclock.obj
c:\dev\cohort18-private\prog2final\undefinedbehavior\fieagameengine\build\obj\library.desktop\win32\release\eventsubscriber.obj
c:\dev\cohort18-private\prog2final\undefinedbehavior\fieagameengine\build\obj\library.desktop\win32\release\eventqueue.obj
c:\dev\cohort18-private\prog2final\undefinedbehavior\fieagameengine\build\obj\library.desktop\win32\release\ievent.obj
c:\dev\cohort18-private\prog2final\undefinedbehavior\fieagameengine\build\obj\library.desktop\win32\release\datum.obj
c:\dev\cohort18-private\prog2final\undefinedbehavior\fieagameengine\build\obj\library.desktop\win32\release\attributed.obj
c:\dev\cohort18-private\prog2final\undefinedbehavior\fieagameengine\build\obj\library.desktop\win32\release\actionblockswitch.obj
c:\dev\cohort18-private\prog2final\undefinedbehavior\fieagameengine\build\obj\library.desktop\win32\release\actionincrement.obj
c:\dev\cohort18-private\prog2final\undefinedbehavior\fieagameengine\build\obj\library.desktop\win32\release\actiondestroy.obj
c:\dev\cohort18-private\prog2final\undefinedbehavior\fieagameengine\build\obj\library.desktop\win32\release\actioncreate.obj
c:\dev\cohort18-private\prog2final\undefinedbehavior\fieagameengine\build\obj\library.desktop\win32\release\actionblock.obj
c:\dev\cohort18-private\prog2final\undefinedbehavior\fieagameengine\build\obj\library.desktop\win32\release\action.obj
c:\dev\cohort18-private\prog2final\undefinedbehavior\fieagameengine\build\bin\library.desktop\win32\release\library.desktop.lib
c:\dev\cohort18-private\prog2final\undefinedbehavior\fieagameengine\build\bin\library.desktop\win32\release\library.desktop.xml
c:\dev\cohort18-private\prog2final\undefinedbehavior\fieagameengine\build\obj\library.desktop\win32\release\library.desktop.tlog\cl.command.1.tlog
c:\dev\cohort18-private\prog2final\undefinedbehavior\fieagameengine\build\obj\library.desktop\win32\release\library.desktop.tlog\cl.read.1.tlog
c:\dev\cohort18-private\prog2final\undefinedbehavior\fieagameengine\build\obj\library.desktop\win32\release\library.desktop.tlog\cl.write.1.tlog
c:\dev\cohort18-private\prog2final\undefinedbehavior\fieagameengine\build\obj\library.desktop\win32\release\library.desktop.tlog\lib-link.read.1.tlog
c:\dev\cohort18-private\prog2final\undefinedbehavior\fieagameengine\build\obj\library.desktop\win32\release\library.desktop.tlog\lib-link.write.1.tlog
c:\dev\cohort18-private\prog2final\undefinedbehavior\fieagameengine\build\obj\library.desktop\win32\release\library.desktop.tlog\lib.command.1.tlog
c:\dev\cohort18-private\prog2final\undefinedbehavior\fieagameengine\build\obj\library.desktop\win32\release\library.desktop.tlog\xdcmake.command.1.tlog
c:\dev\cohort18-private\prog2final\undefinedbehavior\fieagameengine\build\obj\library.desktop\win32\release\library.desktop.tlog\xdcmake.read.1.tlog
c:\dev\cohort18-private\prog2final\undefinedbehavior\fieagameengine\build\obj\library.desktop\win32\release\library.desktop.tlog\xdcmake.write.1.tlog
